# JRE version: Java(TM) SE Runtime Environment (8.0_45-b14) (build 1.8.0_45-b14)
# Java VM: Java HotSpot(TM) 64-Bit Server VM (25.45-b02 mixed mode windows-amd64 compressed oops)
Heap:
 PSYoungGen      total 109568K, used 2713K [0x00000000ec180000, 0x00000000f3780000, 0x0000000100000000)
  eden space 98304K, 2% used [0x00000000ec180000,0x00000000ec40e4e8,0x00000000f2180000)
  from space 11264K, 0% used [0x00000000f2c80000,0x00000000f2c98000,0x00000000f3780000)
  to   space 11264K, 0% used [0x00000000f2180000,0x00000000f2180000,0x00000000f2c80000)
 ParOldGen       total 40960K, used 20456K [0x00000000c4400000, 0x00000000c6c00000, 0x00000000ec180000)
  object space 40960K, 49% used [0x00000000c4400000,0x00000000c57fa390,0x00000000c6c00000)
 Metaspace       used 10914K, capacity 11116K, committed 11392K, reserved 1058816K
  class space    used 1271K, capacity 1352K, committed 1408K, reserved 1048576K
GC Heap History (10 events):
Event: 2.356 GC heap before
{Heap before GC invocations=6 (full 0):
 PSYoungGen      total 64000K, used 62653K [0x00000000ec180000, 0x00000000f0280000, 0x0000000100000000)
  eden space 61440K, 100% used [0x00000000ec180000,0x00000000efd80000,0x00000000efd80000)
  from space 2560K, 47% used [0x00000000efd80000,0x00000000efeaf640,0x00000000f0000000)
  to   space 2560K, 0% used [0x00000000f0000000,0x00000000f0000000,0x00000000f0280000)
 ParOldGen       total 40960K, used 19215K [0x00000000c4400000, 0x00000000c6c00000, 0x00000000ec180000)
  object space 40960K, 46% used [0x00000000c4400000,0x00000000c56c3d40,0x00000000c6c00000)
 Metaspace       used 10773K, capacity 10988K, committed 11136K, reserved 1058816K
  class space    used 1271K, capacity 1352K, committed 1408K, reserved 1048576K
Event: 2.361 GC heap after
Heap after GC invocations=6 (full 0):
 PSYoungGen      total 64000K, used 1213K [0x00000000ec180000, 0x00000000f0280000, 0x0000000100000000)
  eden space 61440K, 0% used [0x00000000ec180000,0x00000000ec180000,0x00000000efd80000)
  from space 2560K, 47% used [0x00000000f0000000,0x00000000f012f640,0x00000000f0280000)
  to   space 2560K, 0% used [0x00000000efd80000,0x00000000efd80000,0x00000000f0000000)
 ParOldGen       total 40960K, used 19215K [0x00000000c4400000, 0x00000000c6c00000, 0x00000000ec180000)
  object space 40960K, 46% used [0x00000000c4400000,0x00000000c56c3d40,0x00000000c6c00000)
 Metaspace       used 10773K, capacity 10988K, committed 11136K, reserved 1058816K
  class space    used 1271K, capacity 1352K, committed 1408K, reserved 1048576K
}
Event: 2.484 GC heap before
{Heap before GC invocations=7 (full 0):
 PSYoungGen      total 64000K, used 62653K [0x00000000ec180000, 0x00000000f0280000, 0x0000000100000000)
  eden space 61440K, 100% used [0x00000000ec180000,0x00000000efd80000,0x00000000efd80000)
  from space 2560K, 47% used [0x00000000f0000000,0x00000000f012f640,0x00000000f0280000)
  to   space 2560K, 0% used [0x00000000efd80000,0x00000000efd80000,0x00000000f0000000)
 ParOldGen       total 40960K, used 19215K [0x00000000c4400000, 0x00000000c6c00000, 0x00000000ec180000)
  object space 40960K, 46% used [0x00000000c4400000,0x00000000c56c3d40,0x00000000c6c00000)
 Metaspace       used 10818K, capacity 11052K, committed 11136K, reserved 1058816K
  class space    used 1271K, capacity 1352K, committed 1408K, reserved 1048576K
Event: 2.488 GC heap after
Heap after GC invocations=7 (full 0):
 PSYoungGen      total 64000K, used 608K [0x00000000ec180000, 0x00000000f0280000, 0x0000000100000000)
  eden space 61440K, 0% used [0x00000000ec180000,0x00000000ec180000,0x00000000efd80000)
  from space 2560K, 23% used [0x00000000efd80000,0x00000000efe18010,0x00000000f0000000)
  to   space 2560K, 0% used [0x00000000f0000000,0x00000000f0000000,0x00000000f0280000)
 ParOldGen       total 40960K, used 19860K [0x00000000c4400000, 0x00000000c6c00000, 0x00000000ec180000)
  object space 40960K, 48% used [0x00000000c4400000,0x00000000c5765370,0x00000000c6c00000)
 Metaspace       used 10818K, capacity 11052K, committed 11136K, reserved 1058816K
  class space    used 1271K, capacity 1352K, committed 1408K, reserved 1048576K
}
Event: 2.624 GC heap before
{Heap before GC invocations=8 (full 0):
 PSYoungGen      total 64000K, used 62048K [0x00000000ec180000, 0x00000000f0280000, 0x0000000100000000)
  eden space 61440K, 100% used [0x00000000ec180000,0x00000000efd80000,0x00000000efd80000)
  from space 2560K, 23% used [0x00000000efd80000,0x00000000efe18010,0x00000000f0000000)
  to   space 2560K, 0% used [0x00000000f0000000,0x00000000f0000000,0x00000000f0280000)
 ParOldGen       total 40960K, used 19860K [0x00000000c4400000, 0x00000000c6c00000, 0x00000000ec180000)
  object space 40960K, 48% used [0x00000000c4400000,0x00000000c5765370,0x00000000c6c00000)
 Metaspace       used 10839K, capacity 11052K, committed 11136K, reserved 1058816K
  class space    used 1271K, capacity 1352K, committed 1408K, reserved 1048576K
Event: 2.627 GC heap after
Heap after GC invocations=8 (full 0):
 PSYoungGen      total 64000K, used 128K [0x00000000ec180000, 0x00000000f0280000, 0x0000000100000000)
  eden space 61440K, 0% used [0x00000000ec180000,0x00000000ec180000,0x00000000efd80000)
  from space 2560K, 5% used [0x00000000f0000000,0x00000000f0020000,0x00000000f0280000)
  to   space 2560K, 0% used [0x00000000efd80000,0x00000000efd80000,0x00000000f0000000)
 ParOldGen       total 40960K, used 20408K [0x00000000c4400000, 0x00000000c6c00000, 0x00000000ec180000)
  object space 40960K, 49% used [0x00000000c4400000,0x00000000c57ee390,0x00000000c6c00000)
 Metaspace       used 10839K, capacity 11052K, committed 11136K, reserved 1058816K
  class space    used 1271K, capacity 1352K, committed 1408K, reserved 1048576K
}
Event: 2.777 GC heap before
{Heap before GC invocations=9 (full 0):
 PSYoungGen      total 64000K, used 61568K [0x00000000ec180000, 0x00000000f0280000, 0x0000000100000000)
  eden space 61440K, 100% used [0x00000000ec180000,0x00000000efd80000,0x00000000efd80000)
  from space 2560K, 5% used [0x00000000f0000000,0x00000000f0020000,0x00000000f0280000)
  to   space 2560K, 0% used [0x00000000efd80000,0x00000000efd80000,0x00000000f0000000)
 ParOldGen       total 40960K, used 20408K [0x00000000c4400000, 0x00000000c6c00000, 0x00000000ec180000)
  object space 40960K, 49% used [0x00000000c4400000,0x00000000c57ee390,0x00000000c6c00000)
 Metaspace       used 10873K, capacity 11116K, committed 11392K, reserved 1058816K
  class space    used 1271K, capacity 1352K, committed 1408K, reserved 1048576K
Event: 2.778 GC heap after
Heap after GC invocations=9 (full 0):
 PSYoungGen      total 64000K, used 128K [0x00000000ec180000, 0x00000000f3780000, 0x0000000100000000)
  eden space 61440K, 0% used [0x00000000ec180000,0x00000000ec180000,0x00000000efd80000)
  from space 2560K, 5% used [0x00000000efd80000,0x00000000efda0000,0x00000000f0000000)
  to   space 11264K, 0% used [0x00000000f2c80000,0x00000000f2c80000,0x00000000f3780000)
 ParOldGen       total 40960K, used 20440K [0x00000000c4400000, 0x00000000c6c00000, 0x00000000ec180000)
  object space 40960K, 49% used [0x00000000c4400000,0x00000000c57f6390,0x00000000c6c00000)
 Metaspace       used 10873K, capacity 11116K, committed 11392K, reserved 1058816K
  class space    used 1271K, capacity 1352K, committed 1408K, reserved 1048576K
}
Event: 3.156 GC heap before
{Heap before GC invocations=10 (full 0):
 PSYoungGen      total 64000K, used 61568K [0x00000000ec180000, 0x00000000f3780000, 0x0000000100000000)
  eden space 61440K, 100% used [0x00000000ec180000,0x00000000efd80000,0x00000000efd80000)
  from space 2560K, 5% used [0x00000000efd80000,0x00000000efda0000,0x00000000f0000000)
  to   space 11264K, 0% used [0x00000000f2c80000,0x00000000f2c80000,0x00000000f3780000)
 ParOldGen       total 40960K, used 20440K [0x00000000c4400000, 0x00000000c6c00000, 0x00000000ec180000)
  object space 40960K, 49% used [0x00000000c4400000,0x00000000c57f6390,0x00000000c6c00000)
 Metaspace       used 10910K, capacity 11116K, committed 11392K, reserved 1058816K
  class space    used 1271K, capacity 1352K, committed 1408K, reserved 1048576K
Event: 3.158 GC heap after
Heap after GC invocations=10 (full 0):
 PSYoungGen      total 109568K, used 96K [0x00000000ec180000, 0x00000000f3780000, 0x0000000100000000)
  eden space 98304K, 0% used [0x00000000ec180000,0x00000000ec180000,0x00000000f2180000)
  from space 11264K, 0% used [0x00000000f2c80000,0x00000000f2c98000,0x00000000f3780000)
  to   space 11264K, 0% used [0x00000000f2180000,0x00000000f2180000,0x00000000f2c80000)
 ParOldGen       total 40960K, used 20456K [0x00000000c4400000, 0x00000000c6c00000, 0x00000000ec180000)
  object space 40960K, 49% used [0x00000000c4400000,0x00000000c57fa390,0x00000000c6c00000)
 Metaspace       used 10910K, capacity 11116K, committed 11392K, reserved 1058816K
  class space    used 1271K, capacity 1352K, committed 1408K, reserved 1048576K
}

