# JRE version: Java(TM) SE Runtime Environment (8.0_45-b14) (build 1.8.0_45-b14)
# Java VM: Java HotSpot(TM) 64-Bit Server VM (25.45-b02 mixed mode windows-amd64 compressed oops)
Heap:
 PSYoungGen      total 37376K, used 5209K [0x00000000ec180000, 0x00000000eff00000, 0x0000000100000000)
  eden space 29696K, 17% used [0x00000000ec180000,0x00000000ec66e680,0x00000000ede80000)
  from space 7680K, 2% used [0x00000000ede80000,0x00000000edea8000,0x00000000ee600000)
  to   space 7680K, 0% used [0x00000000ef780000,0x00000000ef780000,0x00000000eff00000)
 ParOldGen       total 40960K, used 12165K [0x00000000c4400000, 0x00000000c6c00000, 0x00000000ec180000)
  object space 40960K, 29% used [0x00000000c4400000,0x00000000c4fe1728,0x00000000c6c00000)
 Metaspace       used 10923K, capacity 11180K, committed 11392K, reserved 1058816K
  class space    used 1272K, capacity 1352K, committed 1408K, reserved 1048576K
GC Heap History (10 events):
Event: 8.398 GC heap before
{Heap before GC invocations=7 (full 0):
 PSYoungGen      total 21504K, used 17438K [0x00000000ec180000, 0x00000000eed80000, 0x0000000100000000)
  eden space 14848K, 100% used [0x00000000ec180000,0x00000000ed000000,0x00000000ed000000)
  from space 6656K, 38% used [0x00000000ed700000,0x00000000ed987910,0x00000000edd80000)
  to   space 7168K, 0% used [0x00000000ed000000,0x00000000ed000000,0x00000000ed700000)
 ParOldGen       total 40960K, used 9572K [0x00000000c4400000, 0x00000000c6c00000, 0x00000000ec180000)
  object space 40960K, 23% used [0x00000000c4400000,0x00000000c4d59198,0x00000000c6c00000)
 Metaspace       used 10910K, capacity 11116K, committed 11392K, reserved 1058816K
  class space    used 1271K, capacity 1352K, committed 1408K, reserved 1048576K
Event: 8.407 GC heap after
Heap after GC invocations=7 (full 0):
 PSYoungGen      total 22016K, used 544K [0x00000000ec180000, 0x00000000eed80000, 0x0000000100000000)
  eden space 14848K, 0% used [0x00000000ec180000,0x00000000ec180000,0x00000000ed000000)
  from space 7168K, 7% used [0x00000000ed000000,0x00000000ed088000,0x00000000ed700000)
  to   space 7680K, 0% used [0x00000000ee600000,0x00000000ee600000,0x00000000eed80000)
 ParOldGen       total 40960K, used 11623K [0x00000000c4400000, 0x00000000c6c00000, 0x00000000ec180000)
  object space 40960K, 28% used [0x00000000c4400000,0x00000000c4f59dd0,0x00000000c6c00000)
 Metaspace       used 10910K, capacity 11116K, committed 11392K, reserved 1058816K
  class space    used 1271K, capacity 1352K, committed 1408K, reserved 1048576K
}
Event: 8.462 GC heap before
{Heap before GC invocations=8 (full 0):
 PSYoungGen      total 22016K, used 15392K [0x00000000ec180000, 0x00000000eed80000, 0x0000000100000000)
  eden space 14848K, 100% used [0x00000000ec180000,0x00000000ed000000,0x00000000ed000000)
  from space 7168K, 7% used [0x00000000ed000000,0x00000000ed088000,0x00000000ed700000)
  to   space 7680K, 0% used [0x00000000ee600000,0x00000000ee600000,0x00000000eed80000)
 ParOldGen       total 40960K, used 11623K [0x00000000c4400000, 0x00000000c6c00000, 0x00000000ec180000)
  object space 40960K, 28% used [0x00000000c4400000,0x00000000c4f59dd0,0x00000000c6c00000)
 Metaspace       used 10910K, capacity 11116K, committed 11392K, reserved 1058816K
  class space    used 1271K, capacity 1352K, committed 1408K, reserved 1048576K
Event: 8.467 GC heap after
Heap after GC invocations=8 (full 0):
 PSYoungGen      total 37376K, used 64K [0x00000000ec180000, 0x00000000eed80000, 0x0000000100000000)
  eden space 29696K, 0% used [0x00000000ec180000,0x00000000ec180000,0x00000000ede80000)
  from space 7680K, 0% used [0x00000000ee600000,0x00000000ee610000,0x00000000eed80000)
  to   space 7680K, 0% used [0x00000000ede80000,0x00000000ede80000,0x00000000ee600000)
 ParOldGen       total 40960K, used 12125K [0x00000000c4400000, 0x00000000c6c00000, 0x00000000ec180000)
  object space 40960K, 29% used [0x00000000c4400000,0x00000000c4fd7728,0x00000000c6c00000)
 Metaspace       used 10910K, capacity 11116K, committed 11392K, reserved 1058816K
  class space    used 1271K, capacity 1352K, committed 1408K, reserved 1048576K
}
Event: 8.628 GC heap before
{Heap before GC invocations=9 (full 0):
 PSYoungGen      total 37376K, used 29760K [0x00000000ec180000, 0x00000000eed80000, 0x0000000100000000)
  eden space 29696K, 100% used [0x00000000ec180000,0x00000000ede80000,0x00000000ede80000)
  from space 7680K, 0% used [0x00000000ee600000,0x00000000ee610000,0x00000000eed80000)
  to   space 7680K, 0% used [0x00000000ede80000,0x00000000ede80000,0x00000000ee600000)
 ParOldGen       total 40960K, used 12125K [0x00000000c4400000, 0x00000000c6c00000, 0x00000000ec180000)
  object space 40960K, 29% used [0x00000000c4400000,0x00000000c4fd7728,0x00000000c6c00000)
 Metaspace       used 10910K, capacity 11116K, committed 11392K, reserved 1058816K
  class space    used 1271K, capacity 1352K, committed 1408K, reserved 1048576K
Event: 8.631 GC heap after
Heap after GC invocations=9 (full 0):
 PSYoungGen      total 37376K, used 64K [0x00000000ec180000, 0x00000000eed80000, 0x0000000100000000)
  eden space 29696K, 0% used [0x00000000ec180000,0x00000000ec180000,0x00000000ede80000)
  from space 7680K, 0% used [0x00000000ede80000,0x00000000ede90000,0x00000000ee600000)
  to   space 7680K, 0% used [0x00000000ee600000,0x00000000ee600000,0x00000000eed80000)
 ParOldGen       total 40960K, used 12149K [0x00000000c4400000, 0x00000000c6c00000, 0x00000000ec180000)
  object space 40960K, 29% used [0x00000000c4400000,0x00000000c4fdd728,0x00000000c6c00000)
 Metaspace       used 10910K, capacity 11116K, committed 11392K, reserved 1058816K
  class space    used 1271K, capacity 1352K, committed 1408K, reserved 1048576K
}
Event: 8.747 GC heap before
{Heap before GC invocations=10 (full 0):
 PSYoungGen      total 37376K, used 29760K [0x00000000ec180000, 0x00000000eed80000, 0x0000000100000000)
  eden space 29696K, 100% used [0x00000000ec180000,0x00000000ede80000,0x00000000ede80000)
  from space 7680K, 0% used [0x00000000ede80000,0x00000000ede90000,0x00000000ee600000)
  to   space 7680K, 0% used [0x00000000ee600000,0x00000000ee600000,0x00000000eed80000)
 ParOldGen       total 40960K, used 12149K [0x00000000c4400000, 0x00000000c6c00000, 0x00000000ec180000)
  object space 40960K, 29% used [0x00000000c4400000,0x00000000c4fdd728,0x00000000c6c00000)
 Metaspace       used 10914K, capacity 11116K, committed 11392K, reserved 1058816K
  class space    used 1271K, capacity 1352K, committed 1408K, reserved 1048576K
Event: 8.750 GC heap after
Heap after GC invocations=10 (full 0):
 PSYoungGen      total 37376K, used 64K [0x00000000ec180000, 0x00000000eed80000, 0x0000000100000000)
  eden space 29696K, 0% used [0x00000000ec180000,0x00000000ec180000,0x00000000ede80000)
  from space 7680K, 0% used [0x00000000ee600000,0x00000000ee610000,0x00000000eed80000)
  to   space 7680K, 0% used [0x00000000ede80000,0x00000000ede80000,0x00000000ee600000)
 ParOldGen       total 40960K, used 12157K [0x00000000c4400000, 0x00000000c6c00000, 0x00000000ec180000)
  object space 40960K, 29% used [0x00000000c4400000,0x00000000c4fdf728,0x00000000c6c00000)
 Metaspace       used 10914K, capacity 11116K, committed 11392K, reserved 1058816K
  class space    used 1271K, capacity 1352K, committed 1408K, reserved 1048576K
}
Event: 8.924 GC heap before
{Heap before GC invocations=11 (full 0):
 PSYoungGen      total 37376K, used 29760K [0x00000000ec180000, 0x00000000eed80000, 0x0000000100000000)
  eden space 29696K, 100% used [0x00000000ec180000,0x00000000ede80000,0x00000000ede80000)
  from space 7680K, 0% used [0x00000000ee600000,0x00000000ee610000,0x00000000eed80000)
  to   space 7680K, 0% used [0x00000000ede80000,0x00000000ede80000,0x00000000ee600000)
 ParOldGen       total 40960K, used 12157K [0x00000000c4400000, 0x00000000c6c00000, 0x00000000ec180000)
  object space 40960K, 29% used [0x00000000c4400000,0x00000000c4fdf728,0x00000000c6c00000)
 Metaspace       used 10919K, capacity 11180K, committed 11392K, reserved 1058816K
  class space    used 1271K, capacity 1352K, committed 1408K, reserved 1048576K
Event: 8.926 GC heap after
Heap after GC invocations=11 (full 0):
 PSYoungGen      total 37376K, used 160K [0x00000000ec180000, 0x00000000eff00000, 0x0000000100000000)
  eden space 29696K, 0% used [0x00000000ec180000,0x00000000ec180000,0x00000000ede80000)
  from space 7680K, 2% used [0x00000000ede80000,0x00000000edea8000,0x00000000ee600000)
  to   space 7680K, 0% used [0x00000000ef780000,0x00000000ef780000,0x00000000eff00000)
 ParOldGen       total 40960K, used 12165K [0x00000000c4400000, 0x00000000c6c00000, 0x00000000ec180000)
  object space 40960K, 29% used [0x00000000c4400000,0x00000000c4fe1728,0x00000000c6c00000)
 Metaspace       used 10919K, capacity 11180K, committed 11392K, reserved 1058816K
  class space    used 1271K, capacity 1352K, committed 1408K, reserved 1048576K
}

