# JRE version: Java(TM) SE Runtime Environment (8.0_45-b14) (build 1.8.0_45-b14)
# Java VM: Java HotSpot(TM) 64-Bit Server VM (25.45-b02 mixed mode windows-amd64 compressed oops)
Heap:
 PSYoungGen      total 73216K, used 37582K [0x00000000ec180000, 0x00000000f1480000, 0x0000000100000000)
  eden space 61440K, 61% used [0x00000000ec180000,0x00000000ee61baa0,0x00000000efd80000)
  from space 11776K, 0% used [0x00000000efd80000,0x00000000efd98000,0x00000000f0900000)
  to   space 11776K, 0% used [0x00000000f0900000,0x00000000f0900000,0x00000000f1480000)
 ParOldGen       total 40960K, used 22719K [0x00000000c4400000, 0x00000000c6c00000, 0x00000000ec180000)
  object space 40960K, 55% used [0x00000000c4400000,0x00000000c5a2fde0,0x00000000c6c00000)
 Metaspace       used 10927K, capacity 11180K, committed 11392K, reserved 1058816K
  class space    used 1268K, capacity 1352K, committed 1408K, reserved 1048576K
GC Heap History (10 events):
Event: 11.110 GC heap before
{Heap before GC invocations=17 (full 0):
 PSYoungGen      total 73216K, used 61504K [0x00000000ec180000, 0x00000000f1480000, 0x0000000100000000)
  eden space 61440K, 100% used [0x00000000ec180000,0x00000000efd80000,0x00000000efd80000)
  from space 11776K, 0% used [0x00000000f0900000,0x00000000f0910000,0x00000000f1480000)
  to   space 11776K, 0% used [0x00000000efd80000,0x00000000efd80000,0x00000000f0900000)
 ParOldGen       total 40960K, used 22655K [0x00000000c4400000, 0x00000000c6c00000, 0x00000000ec180000)
  object space 40960K, 55% used [0x00000000c4400000,0x00000000c5a1fde0,0x00000000c6c00000)
 Metaspace       used 10906K, capacity 11116K, committed 11392K, reserved 1058816K
  class space    used 1267K, capacity 1352K, committed 1408K, reserved 1048576K
Event: 11.112 GC heap after
Heap after GC invocations=17 (full 0):
 PSYoungGen      total 73216K, used 128K [0x00000000ec180000, 0x00000000f1480000, 0x0000000100000000)
  eden space 61440K, 0% used [0x00000000ec180000,0x00000000ec180000,0x00000000efd80000)
  from space 11776K, 1% used [0x00000000efd80000,0x00000000efda0000,0x00000000f0900000)
  to   space 11776K, 0% used [0x00000000f0900000,0x00000000f0900000,0x00000000f1480000)
 ParOldGen       total 40960K, used 22679K [0x00000000c4400000, 0x00000000c6c00000, 0x00000000ec180000)
  object space 40960K, 55% used [0x00000000c4400000,0x00000000c5a25de0,0x00000000c6c00000)
 Metaspace       used 10906K, capacity 11116K, committed 11392K, reserved 1058816K
  class space    used 1267K, capacity 1352K, committed 1408K, reserved 1048576K
}
Event: 11.259 GC heap before
{Heap before GC invocations=18 (full 0):
 PSYoungGen      total 73216K, used 61568K [0x00000000ec180000, 0x00000000f1480000, 0x0000000100000000)
  eden space 61440K, 100% used [0x00000000ec180000,0x00000000efd80000,0x00000000efd80000)
  from space 11776K, 1% used [0x00000000efd80000,0x00000000efda0000,0x00000000f0900000)
  to   space 11776K, 0% used [0x00000000f0900000,0x00000000f0900000,0x00000000f1480000)
 ParOldGen       total 40960K, used 22679K [0x00000000c4400000, 0x00000000c6c00000, 0x00000000ec180000)
  object space 40960K, 55% used [0x00000000c4400000,0x00000000c5a25de0,0x00000000c6c00000)
 Metaspace       used 10906K, capacity 11116K, committed 11392K, reserved 1058816K
  class space    used 1267K, capacity 1352K, committed 1408K, reserved 1048576K
Event: 11.261 GC heap after
Heap after GC invocations=18 (full 0):
 PSYoungGen      total 73216K, used 64K [0x00000000ec180000, 0x00000000f1480000, 0x0000000100000000)
  eden space 61440K, 0% used [0x00000000ec180000,0x00000000ec180000,0x00000000efd80000)
  from space 11776K, 0% used [0x00000000f0900000,0x00000000f0910000,0x00000000f1480000)
  to   space 11776K, 0% used [0x00000000efd80000,0x00000000efd80000,0x00000000f0900000)
 ParOldGen       total 40960K, used 22695K [0x00000000c4400000, 0x00000000c6c00000, 0x00000000ec180000)
  object space 40960K, 55% used [0x00000000c4400000,0x00000000c5a29de0,0x00000000c6c00000)
 Metaspace       used 10906K, capacity 11116K, committed 11392K, reserved 1058816K
  class space    used 1267K, capacity 1352K, committed 1408K, reserved 1048576K
}
Event: 11.421 GC heap before
{Heap before GC invocations=19 (full 0):
 PSYoungGen      total 73216K, used 61504K [0x00000000ec180000, 0x00000000f1480000, 0x0000000100000000)
  eden space 61440K, 100% used [0x00000000ec180000,0x00000000efd80000,0x00000000efd80000)
  from space 11776K, 0% used [0x00000000f0900000,0x00000000f0910000,0x00000000f1480000)
  to   space 11776K, 0% used [0x00000000efd80000,0x00000000efd80000,0x00000000f0900000)
 ParOldGen       total 40960K, used 22695K [0x00000000c4400000, 0x00000000c6c00000, 0x00000000ec180000)
  object space 40960K, 55% used [0x00000000c4400000,0x00000000c5a29de0,0x00000000c6c00000)
 Metaspace       used 10906K, capacity 11116K, committed 11392K, reserved 1058816K
  class space    used 1267K, capacity 1352K, committed 1408K, reserved 1048576K
Event: 11.423 GC heap after
Heap after GC invocations=19 (full 0):
 PSYoungGen      total 73216K, used 64K [0x00000000ec180000, 0x00000000f1480000, 0x0000000100000000)
  eden space 61440K, 0% used [0x00000000ec180000,0x00000000ec180000,0x00000000efd80000)
  from space 11776K, 0% used [0x00000000efd80000,0x00000000efd90000,0x00000000f0900000)
  to   space 11776K, 0% used [0x00000000f0900000,0x00000000f0900000,0x00000000f1480000)
 ParOldGen       total 40960K, used 22703K [0x00000000c4400000, 0x00000000c6c00000, 0x00000000ec180000)
  object space 40960K, 55% used [0x00000000c4400000,0x00000000c5a2bde0,0x00000000c6c00000)
 Metaspace       used 10906K, capacity 11116K, committed 11392K, reserved 1058816K
  class space    used 1267K, capacity 1352K, committed 1408K, reserved 1048576K
}
Event: 11.556 GC heap before
{Heap before GC invocations=20 (full 0):
 PSYoungGen      total 73216K, used 61504K [0x00000000ec180000, 0x00000000f1480000, 0x0000000100000000)
  eden space 61440K, 100% used [0x00000000ec180000,0x00000000efd80000,0x00000000efd80000)
  from space 11776K, 0% used [0x00000000efd80000,0x00000000efd90000,0x00000000f0900000)
  to   space 11776K, 0% used [0x00000000f0900000,0x00000000f0900000,0x00000000f1480000)
 ParOldGen       total 40960K, used 22703K [0x00000000c4400000, 0x00000000c6c00000, 0x00000000ec180000)
  object space 40960K, 55% used [0x00000000c4400000,0x00000000c5a2bde0,0x00000000c6c00000)
 Metaspace       used 10907K, capacity 11116K, committed 11392K, reserved 1058816K
  class space    used 1267K, capacity 1352K, committed 1408K, reserved 1048576K
Event: 11.558 GC heap after
Heap after GC invocations=20 (full 0):
 PSYoungGen      total 73216K, used 64K [0x00000000ec180000, 0x00000000f1480000, 0x0000000100000000)
  eden space 61440K, 0% used [0x00000000ec180000,0x00000000ec180000,0x00000000efd80000)
  from space 11776K, 0% used [0x00000000f0900000,0x00000000f0910000,0x00000000f1480000)
  to   space 11776K, 0% used [0x00000000efd80000,0x00000000efd80000,0x00000000f0900000)
 ParOldGen       total 40960K, used 22703K [0x00000000c4400000, 0x00000000c6c00000, 0x00000000ec180000)
  object space 40960K, 55% used [0x00000000c4400000,0x00000000c5a2bde0,0x00000000c6c00000)
 Metaspace       used 10907K, capacity 11116K, committed 11392K, reserved 1058816K
  class space    used 1267K, capacity 1352K, committed 1408K, reserved 1048576K
}
Event: 11.718 GC heap before
{Heap before GC invocations=21 (full 0):
 PSYoungGen      total 73216K, used 61504K [0x00000000ec180000, 0x00000000f1480000, 0x0000000100000000)
  eden space 61440K, 100% used [0x00000000ec180000,0x00000000efd80000,0x00000000efd80000)
  from space 11776K, 0% used [0x00000000f0900000,0x00000000f0910000,0x00000000f1480000)
  to   space 11776K, 0% used [0x00000000efd80000,0x00000000efd80000,0x00000000f0900000)
 ParOldGen       total 40960K, used 22703K [0x00000000c4400000, 0x00000000c6c00000, 0x00000000ec180000)
  object space 40960K, 55% used [0x00000000c4400000,0x00000000c5a2bde0,0x00000000c6c00000)
 Metaspace       used 10917K, capacity 11116K, committed 11392K, reserved 1058816K
  class space    used 1267K, capacity 1352K, committed 1408K, reserved 1048576K
Event: 11.721 GC heap after
Heap after GC invocations=21 (full 0):
 PSYoungGen      total 73216K, used 96K [0x00000000ec180000, 0x00000000f1480000, 0x0000000100000000)
  eden space 61440K, 0% used [0x00000000ec180000,0x00000000ec180000,0x00000000efd80000)
  from space 11776K, 0% used [0x00000000efd80000,0x00000000efd98000,0x00000000f0900000)
  to   space 11776K, 0% used [0x00000000f0900000,0x00000000f0900000,0x00000000f1480000)
 ParOldGen       total 40960K, used 22719K [0x00000000c4400000, 0x00000000c6c00000, 0x00000000ec180000)
  object space 40960K, 55% used [0x00000000c4400000,0x00000000c5a2fde0,0x00000000c6c00000)
 Metaspace       used 10917K, capacity 11116K, committed 11392K, reserved 1058816K
  class space    used 1267K, capacity 1352K, committed 1408K, reserved 1048576K
}

